<?xml version="1.0" encoding="UTF-8"?>
<!-- Generated by org.testng.reporters.JUnitXMLReporter -->
<testsuite hostname="Surendar" ignored="2" name="Default test" tests="1" failures="0" timestamp="16 Sep 2020 12:29:16 GMT" time="29.385" errors="0">
  <testcase name="loginTest" time="10.559" classname="TestNGconcepts.RealTimeCode"/>
  <testcase name="checkApplicationTitle" time="0.0" classname="TestNGconcepts.RealTimeCode">
    <ignored/>
  </testcase> <!-- checkApplicationTitle -->
  <testcase name="singupLineTest" time="0.0" classname="TestNGconcepts.RealTimeCode">
    <ignored/>
  </testcase> <!-- singupLineTest -->
</testsuite> <!-- Default test -->
