<?xml version="1.0" encoding="UTF-8"?>
<!-- Generated by org.testng.reporters.JUnitXMLReporter -->
<testsuite hostname="Surendar" ignored="0" name="Test" tests="10" failures="0" timestamp="09 Sep 2020 21:35:33 GMT" time="84.612" errors="0">
  <testcase name="launchGoogleapplication" time="23.415" classname="TestNGconcepts.GoogleApplication"/>
  <testcase name="displayEmailId" time="0.011" classname="TestNGconcepts.Login"/>
  <testcase name="displayMobileNO" time="0.048" classname="TestNGconcepts.Login"/>
  <testcase name="displayName" time="0.017" classname="TestNGconcepts.Login"/>
  <testcase name="displayEmailId" time="0.012" classname="TestNGconcepts.DisplayPersonalDetails"/>
  <testcase name="displayMobileNO" time="0.019" classname="TestNGconcepts.DisplayPersonalDetails"/>
  <testcase name="displayName" time="0.012" classname="TestNGconcepts.DisplayPersonalDetails"/>
  <testcase name="login" time="30.393" classname="TestNGconcepts.SurveryMonkeyLogin"/>
  <testcase name="launchGoogleapplication" time="30.394" classname="TestNGconcepts.VerifyGoogleApplication"/>
  <testcase name="displayMessage" time="0.005" classname="TestNGconcepts.FirstTestNGcode"/>
</testsuite> <!-- Test -->
