<?xml version="1.0" encoding="UTF-8"?>
<testng-results skipped="0" failed="0" ignored="2" total="3" passed="1">
  <reporter-output>
  </reporter-output>
  <suite name="Default suite" duration-ms="29385" started-at="2020-09-16T12:28:46Z" finished-at="2020-09-16T12:29:16Z">
    <groups>
    </groups>
    <test name="Default test" duration-ms="29385" started-at="2020-09-16T12:28:46Z" finished-at="2020-09-16T12:29:16Z">
      <class name="TestNGconcepts.RealTimeCode">
        <test-method status="PASS" signature="setup()[pri:0, instance:TestNGconcepts.RealTimeCode@77cd7a0]" name="setup" is-config="true" duration-ms="17664" started-at="2020-09-16T12:28:46Z" finished-at="2020-09-16T12:29:04Z">
          <reporter-output>
          </reporter-output>
        </test-method> <!-- setup -->
        <test-method status="PASS" signature="loginTest()[pri:3, instance:TestNGconcepts.RealTimeCode@77cd7a0]" name="loginTest" duration-ms="10559" started-at="2020-09-16T12:29:04Z" finished-at="2020-09-16T12:29:14Z">
          <reporter-output>
          </reporter-output>
        </test-method> <!-- loginTest -->
        <test-method status="PASS" signature="tearDown()[pri:0, instance:TestNGconcepts.RealTimeCode@77cd7a0]" name="tearDown" is-config="true" duration-ms="1089" started-at="2020-09-16T12:29:14Z" finished-at="2020-09-16T12:29:16Z">
          <reporter-output>
          </reporter-output>
        </test-method> <!-- tearDown -->
      </class> <!-- TestNGconcepts.RealTimeCode -->
    </test> <!-- Default test -->
  </suite> <!-- Default suite -->
</testng-results>
